<?xml version="1.0" encoding="UTF-8"?>
<!-- Generated by org.testng.reporters.JUnitReportReporter -->
<testsuite hostname="G10GGNLT049" name="Drupal.HttpResponseCode" tests="1" failures="0" timestamp="1 Aug 2017 12:00:13 GMT" time="7.070" errors="0">
  <testcase name="validateInvalidLinks" time="7.070" classname="Drupal.HttpResponseCode"/>
</testsuite> <!-- Drupal.HttpResponseCode -->
