<?xml version="1.0" encoding="UTF-8"?>
<!-- Generated by org.testng.reporters.JUnitReportReporter -->
<testsuite hostname="G10GGNLT049" name="Drupal.HttpResponseCode" tests="1" failures="0" timestamp="1 Aug 2017 15:15:30 GMT" time="1.736" errors="0">
  <testcase name="validateInvalidLinks" time="1.736" classname="Drupal.HttpResponseCode"/>
</testsuite> <!-- Drupal.HttpResponseCode -->
