<?xml version="1.0" encoding="UTF-8"?>
<!-- Generated by org.testng.reporters.JUnitReportReporter -->
<testsuite hostname="G10GGNLT049" name="Drupal.firefox" tests="1" failures="0" timestamp="1 Aug 2017 12:00:28 GMT" time="15.005" errors="0">
  <testcase name="Login" time="15.005" classname="Drupal.firefox"/>
</testsuite> <!-- Drupal.firefox -->
