<?xml version="1.0" encoding="UTF-8"?>
<!-- Generated by org.testng.reporters.JUnitReportReporter -->
<testsuite hostname="G10GGNLT049" name="testng.NewTest" tests="1" failures="0" timestamp="31 Jul 2017 17:33:10 GMT" time="5.341" errors="0">
  <testcase name="f" time="5.341" classname="testng.NewTest"/>
</testsuite> <!-- testng.NewTest -->
