<?xml version="1.0" encoding="UTF-8"?>
<!-- Generated by org.testng.reporters.JUnitReportReporter -->
<testsuite hostname="G10GGNLT049" name="Drupal.HttpResponseCode" tests="1" failures="0" timestamp="9 Aug 2017 14:35:50 GMT" time="0.095" errors="0">
  <testcase name="checklink" time="0.095" classname="Drupal.HttpResponseCode"/>
</testsuite> <!-- Drupal.HttpResponseCode -->
